<?xml version="1.0" encoding="UTF-8"?>
<!-- Generated by org.testng.reporters.JUnitXMLReporter -->
<testsuite hostname="LAPTOP-LT3NP74S" failures="2" tests="2" name="BankingApp Test" time="89.694" errors="0" timestamp="2 Jul 2022 13:55:13 GMT">
  <testcase classname="com.inetBankingProject.TC_loginTest_001" name="loginTest" time="23.776">
    <failure type="java.io.IOException" message="The filename, directory name, or volume label syntax is incorrect">
      <![CDATA[java.io.IOException: The filename, directory name, or volume label syntax is incorrect
	at java.base/java.io.WinNTFileSystem.canonicalize0(Native Method)
	at java.base/java.io.WinNTFileSystem.canonicalize(WinNTFileSystem.java:462)
	at java.base/java.io.File.getCanonicalPath(File.java:626)
	at org.apache.commons.io.FileUtils.copyFile(FileUtils.java:641)
	at org.apache.commons.io.FileUtils.copyFile(FileUtils.java:606)
	at com.inetBankingProject.BaseClass.captureScreen(BaseClass.java:84)
	at com.inetBankingProject.TC_loginTest_001.loginTest(TC_loginTest_001.java:45)
... Removed 25 stack frames]]>
    </failure>
  </testcase> <!-- loginTest -->
  <testcase classname="com.inetBankingProject.TC_AddCustomerTest_003" name="addNewCustomer" time="6.177">
    <failure type="org.openqa.selenium.WebDriverException" message="unknown error: unexpected command response
  (Session info: chrome=103.0.5060.66)
Build info: version: &amp;apos;3.14.0&amp;apos;, revision: &amp;apos;aacccce0&amp;apos;, time: &amp;apos;2018-08-02T20:19:58.91Z&amp;apos;
System info: host: &amp;apos;LAPTOP-LT3NP74S&amp;apos;, ip: &amp;apos;192.168.43.57&amp;apos;, os.name: &amp;apos;Windows 11&amp;apos;, os.arch: &amp;apos;amd64&amp;apos;, os.version: &amp;apos;10.0&amp;apos;, java.version: &amp;apos;18.0.1.1&amp;apos;
Driver info: org.openqa.selenium.chrome.ChromeDriver
Capabilities {acceptInsecureCerts: false, browserName: chrome, browserVersion: 103.0.5060.66, chrome: {chromedriverVersion: 102.0.5005.61 (0e59bcc00cc4..., userDataDir: C:\Users\KALAIS~1\AppData\L...}, goog:chromeOptions: {debuggerAddress: localhost:50641}, javascriptEnabled: true, networkConnectionEnabled: false, pageLoadStrategy: normal, platform: WINDOWS, platformName: WINDOWS, proxy: Proxy(), setWindowRect: true, strictFileInteractability: false, timeouts: {implicit: 0, pageLoad: 300000, script: 30000}, unhandledPromptBehavior: dismiss and notify, webauthn:extension:credBlob: true, webauthn:extension:largeBlob: true, webauthn:virtualAuthenticators: true}
Session ID: 62175f4693c1bd93decd43dce49fa597
*** Element info: {Using=xpath, value=//a[contains(text(),&amp;apos;New Customer&amp;apos;)]}">
      <![CDATA[org.openqa.selenium.WebDriverException: unknown error: unexpected command response
  (Session info: chrome=103.0.5060.66)
Build info: version: '3.14.0', revision: 'aacccce0', time: '2018-08-02T20:19:58.91Z'
System info: host: 'LAPTOP-LT3NP74S', ip: '192.168.43.57', os.name: 'Windows 11', os.arch: 'amd64', os.version: '10.0', java.version: '18.0.1.1'
Driver info: org.openqa.selenium.chrome.ChromeDriver
Capabilities {acceptInsecureCerts: false, browserName: chrome, browserVersion: 103.0.5060.66, chrome: {chromedriverVersion: 102.0.5005.61 (0e59bcc00cc4..., userDataDir: C:\Users\KALAIS~1\AppData\L...}, goog:chromeOptions: {debuggerAddress: localhost:50641}, javascriptEnabled: true, networkConnectionEnabled: false, pageLoadStrategy: normal, platform: WINDOWS, platformName: WINDOWS, proxy: Proxy(), setWindowRect: true, strictFileInteractability: false, timeouts: {implicit: 0, pageLoad: 300000, script: 30000}, unhandledPromptBehavior: dismiss and notify, webauthn:extension:credBlob: true, webauthn:extension:largeBlob: true, webauthn:virtualAuthenticators: true}
Session ID: 62175f4693c1bd93decd43dce49fa597
*** Element info: {Using=xpath, value=//a[contains(text(),'New Customer')]}
	at org.openqa.selenium.remote.http.W3CHttpResponseCodec.createException(W3CHttpResponseCodec.java:187)
	at org.openqa.selenium.remote.http.W3CHttpResponseCodec.decode(W3CHttpResponseCodec.java:122)
	at org.openqa.selenium.remote.http.W3CHttpResponseCodec.decode(W3CHttpResponseCodec.java:49)
	at org.openqa.selenium.remote.HttpCommandExecutor.execute(HttpCommandExecutor.java:158)
	at org.openqa.selenium.remote.service.DriverCommandExecutor.execute(DriverCommandExecutor.java:83)
	at org.openqa.selenium.remote.RemoteWebDriver.execute(RemoteWebDriver.java:548)
	at org.openqa.selenium.remote.RemoteWebDriver.findElement(RemoteWebDriver.java:322)
	at org.openqa.selenium.remote.RemoteWebDriver.findElementByXPath(RemoteWebDriver.java:424)
	at org.openqa.selenium.By$ByXPath.findElement(By.java:353)
	at org.openqa.selenium.remote.RemoteWebDriver.findElement(RemoteWebDriver.java:314)
	at org.openqa.selenium.support.pagefactory.DefaultElementLocator.findElement(DefaultElementLocator.java:69)
	at org.openqa.selenium.support.pagefactory.internal.LocatingElementHandler.invoke(LocatingElementHandler.java:38)
	at jdk.proxy2/jdk.proxy2.$Proxy11.click(Unknown Source)
	at com.inetBankingProjectPageObjects.AddCustomerPage.clickNewcustomer(AddCustomerPage.java:64)
	at com.inetBankingProject.TC_AddCustomerTest_003.addNewCustomer(TC_AddCustomerTest_003.java:29)
... Removed 28 stack frames]]>
    </failure>
  </testcase> <!-- addNewCustomer -->
</testsuite> <!-- BankingApp Test -->
