<?xml version="1.0" encoding="UTF-8"?>
<testng-results total="2" passed="0" failed="0" skipped="2">
  <reporter-output>
  </reporter-output>
  <suite started-at="2022-06-29T17:28:58Z" name="inetBankingProject" finished-at="2022-06-29T17:28:59Z" duration-ms="1362">
    <groups>
    </groups>
    <test started-at="2022-06-29T17:28:58Z" name="BankingApp Test" finished-at="2022-06-29T17:28:59Z" duration-ms="1362">
      <class name="com.inetBankingProject.TC_loginTest_001">
        <test-method is-config="true" signature="setproperty(java.lang.String)[pri:0, instance:com.inetBankingProject.TC_loginTest_001@358ee631]" started-at="2022-06-29T22:58:58Z" name="setproperty" finished-at="2022-06-29T22:58:58Z" duration-ms="0" status="FAIL">
          <params>
            <param index="0">
              <value>
                <![CDATA[chrome]]>
              </value>
            </param>
          </params>
          <exception class="java.lang.NoSuchMethodError">
            <message>
              <![CDATA['java.lang.String org.apache.commons.io.IOUtils.toString(java.io.InputStream, java.nio.charset.Charset)']]>
            </message>
            <full-stacktrace>
              <![CDATA[java.lang.NoSuchMethodError: 'java.lang.String org.apache.commons.io.IOUtils.toString(java.io.InputStream, java.nio.charset.Charset)'
	at io.github.bonigarcia.wdm.versions.VersionDetector.getProperties(VersionDetector.java:302)
	at io.github.bonigarcia.wdm.versions.VersionDetector.getBrowserVersionFromTheShell(VersionDetector.java:202)
	at io.github.bonigarcia.wdm.WebDriverManager.getBrowserVersionFromTheShell(WebDriverManager.java:1294)
	at io.github.bonigarcia.wdm.WebDriverManager.detectBrowserVersion(WebDriverManager.java:1314)
	at io.github.bonigarcia.wdm.WebDriverManager.resolveDriverVersion(WebDriverManager.java:1179)
	at io.github.bonigarcia.wdm.WebDriverManager.manage(WebDriverManager.java:1129)
	at io.github.bonigarcia.wdm.WebDriverManager.setup(WebDriverManager.java:406)
	at com.inetBankingProject.BaseClass.setproperty(BaseClass.java:50)
	at java.base/jdk.internal.reflect.DirectMethodHandleAccessor.invoke(DirectMethodHandleAccessor.java:104)
	at java.base/java.lang.reflect.Method.invoke(Method.java:577)
	at org.testng.internal.MethodInvocationHelper.invokeMethod(MethodInvocationHelper.java:86)
	at org.testng.internal.Invoker.invokeConfigurationMethod(Invoker.java:514)
	at org.testng.internal.Invoker.invokeConfigurations(Invoker.java:215)
	at org.testng.internal.Invoker.invokeConfigurations(Invoker.java:142)
	at org.testng.internal.TestMethodWorker.invokeBeforeClassMethods(TestMethodWorker.java:178)
	at org.testng.internal.TestMethodWorker.run(TestMethodWorker.java:108)
	at org.testng.TestRunner.privateRun(TestRunner.java:782)
	at org.testng.TestRunner.run(TestRunner.java:632)
	at org.testng.SuiteRunner.runTest(SuiteRunner.java:366)
	at org.testng.SuiteRunner.runSequentially(SuiteRunner.java:361)
	at org.testng.SuiteRunner.privateRun(SuiteRunner.java:319)
	at org.testng.SuiteRunner.run(SuiteRunner.java:268)
	at org.testng.SuiteRunnerWorker.runSuite(SuiteRunnerWorker.java:52)
	at org.testng.SuiteRunnerWorker.run(SuiteRunnerWorker.java:86)
	at org.testng.TestNG.runSuitesSequentially(TestNG.java:1244)
	at org.testng.TestNG.runSuitesLocally(TestNG.java:1169)
	at org.testng.TestNG.run(TestNG.java:1064)
	at org.testng.remote.AbstractRemoteTestNG.run(AbstractRemoteTestNG.java:115)
	at org.testng.remote.RemoteTestNG.initAndRun(RemoteTestNG.java:251)
	at org.testng.remote.RemoteTestNG.main(RemoteTestNG.java:77)
]]>
            </full-stacktrace>
          </exception> <!-- java.lang.NoSuchMethodError -->
          <reporter-output>
          </reporter-output>
        </test-method> <!-- setproperty -->
        <test-method signature="loginTest()[pri:0, instance:com.inetBankingProject.TC_loginTest_001@358ee631]" started-at="2022-06-29T22:58:59Z" name="loginTest" finished-at="2022-06-29T22:58:59Z" duration-ms="2" status="SKIP">
          <reporter-output>
          </reporter-output>
        </test-method> <!-- loginTest -->
        <test-method is-config="true" signature="tearDown()[pri:0, instance:com.inetBankingProject.TC_loginTest_001@358ee631]" started-at="2022-06-29T22:58:59Z" name="tearDown" finished-at="2022-06-29T22:58:59Z" duration-ms="0" status="SKIP">
          <reporter-output>
          </reporter-output>
        </test-method> <!-- tearDown -->
      </class> <!-- com.inetBankingProject.TC_loginTest_001 -->
      <class name="com.inetBankingProject.TC_AddCustomerTest_003">
        <test-method is-config="true" signature="setproperty(java.lang.String)[pri:0, instance:com.inetBankingProject.TC_AddCustomerTest_003@ec756bd]" started-at="2022-06-29T22:58:59Z" name="setproperty" finished-at="2022-06-29T22:58:59Z" duration-ms="0" status="SKIP">
          <reporter-output>
          </reporter-output>
        </test-method> <!-- setproperty -->
        <test-method signature="addNewCustomer()[pri:0, instance:com.inetBankingProject.TC_AddCustomerTest_003@ec756bd]" started-at="2022-06-29T22:58:59Z" name="addNewCustomer" finished-at="2022-06-29T22:58:59Z" duration-ms="2" status="SKIP">
          <reporter-output>
          </reporter-output>
        </test-method> <!-- addNewCustomer -->
        <test-method is-config="true" signature="tearDown()[pri:0, instance:com.inetBankingProject.TC_AddCustomerTest_003@ec756bd]" started-at="2022-06-29T22:58:59Z" name="tearDown" finished-at="2022-06-29T22:58:59Z" duration-ms="0" status="SKIP">
          <reporter-output>
          </reporter-output>
        </test-method> <!-- tearDown -->
      </class> <!-- com.inetBankingProject.TC_AddCustomerTest_003 -->
    </test> <!-- BankingApp Test -->
  </suite> <!-- inetBankingProject -->
</testng-results>
