<?xml version="1.0" encoding="UTF-8"?>
<!-- Generated by org.testng.reporters.JUnitXMLReporter -->
<testsuite hostname="LAPTOP-LT3NP74S" failures="0" tests="2" name="BankingApp Test" time="1.362" errors="0" timestamp="29 Jun 2022 17:28:59 GMT">
  <testcase classname="com.inetBankingProject.TC_loginTest_001" name="@BeforeClass setproperty" time="0.0">
    <failure type="java.lang.NoSuchMethodError" message="&amp;apos;java.lang.String org.apache.commons.io.IOUtils.toString(java.io.InputStream, java.nio.charset.Charset)&amp;apos;">
      <![CDATA[java.lang.NoSuchMethodError: 'java.lang.String org.apache.commons.io.IOUtils.toString(java.io.InputStream, java.nio.charset.Charset)'
	at io.github.bonigarcia.wdm.versions.VersionDetector.getProperties(VersionDetector.java:302)
	at io.github.bonigarcia.wdm.versions.VersionDetector.getBrowserVersionFromTheShell(VersionDetector.java:202)
	at io.github.bonigarcia.wdm.WebDriverManager.getBrowserVersionFromTheShell(WebDriverManager.java:1294)
	at io.github.bonigarcia.wdm.WebDriverManager.detectBrowserVersion(WebDriverManager.java:1314)
	at io.github.bonigarcia.wdm.WebDriverManager.resolveDriverVersion(WebDriverManager.java:1179)
	at io.github.bonigarcia.wdm.WebDriverManager.manage(WebDriverManager.java:1129)
	at io.github.bonigarcia.wdm.WebDriverManager.setup(WebDriverManager.java:406)
	at com.inetBankingProject.BaseClass.setproperty(BaseClass.java:50)
... Removed 22 stack frames]]>
    </failure>
  </testcase> <!-- @BeforeClass setproperty -->
  <testcase classname="com.inetBankingProject.TC_loginTest_001" name="@AfterClass tearDown" time="0.0">
    <skipped/>
  </testcase> <!-- @AfterClass tearDown -->
  <testcase classname="com.inetBankingProject.TC_AddCustomerTest_003" name="@BeforeClass setproperty" time="0.0">
    <skipped/>
  </testcase> <!-- @BeforeClass setproperty -->
  <testcase classname="com.inetBankingProject.TC_AddCustomerTest_003" name="@AfterClass tearDown" time="0.0">
    <skipped/>
  </testcase> <!-- @AfterClass tearDown -->
  <testcase classname="com.inetBankingProject.TC_loginTest_001" name="loginTest" time="0.002">
    <skipped/>
  </testcase> <!-- loginTest -->
  <testcase classname="com.inetBankingProject.TC_AddCustomerTest_003" name="addNewCustomer" time="0.002">
    <skipped/>
  </testcase> <!-- addNewCustomer -->
</testsuite> <!-- BankingApp Test -->
